<?xml version="1.0" encoding="UTF-8"?>
<!-- Generated by org.testng.reporters.JUnitXMLReporter -->
<testsuite ignored="0" hostname="DESKTOP-GB3856O" failures="0" tests="3" name="ecommerce" time="11.748" errors="0" timestamp="2024-09-15T00:08:10 IST">
  <testcase classname="Scratchproject.demoproject.ecommerce" name="submitorder" time="0.0">
    <skipped/>
  </testcase> <!-- submitorder -->
  <testcase classname="Scratchproject.demoproject.ecommerce" name="submitorder" time="0.0">
    <skipped/>
  </testcase> <!-- submitorder -->
  <testcase classname="Scratchproject.demoproject.ecommerce" name="orderhistorytest" time="0.0">
    <skipped/>
  </testcase> <!-- orderhistorytest -->
</testsuite> <!-- ecommerce -->
